<?xml version="1.0" encoding="UTF-8"?>
<!-- Generated by org.testng.reporters.JUnitReportReporter -->
<testsuite hostname="Pawanuuuu" failures="0" tests="12" name="com.api_tests.GetRequest" time="12.513" errors="0" timestamp="2025-10-30T12:54:40 IST" skipped="0">
  <testcase classname="com.api_tests.GetRequest" name="simpleGetRequest" time="2.186"/>
  <testcase classname="com.api_tests.GetRequest" name="getRequestWithInlineValidation" time="1.031"/>
  <testcase classname="com.api_tests.GetRequest" name="getRequestWithQueryParams" time="0.560"/>
  <testcase classname="com.api_tests.GetRequest" name="getRequestWithMultipleQueryParams" time="1.579"/>
  <testcase classname="com.api_tests.GetRequest" name="getRequestWithPathParam" time="0.628"/>
  <testcase classname="com.api_tests.GetRequest" name="getRequestWithHeaders" time="0.727"/>
  <testcase classname="com.api_tests.GetRequest" name="extractResponseData" time="0.797"/>
  <testcase classname="com.api_tests.GetRequest" name="getRequestArrayValidation" time="1.720"/>
  <testcase classname="com.api_tests.GetRequest" name="getRequestWithBasicAuth" time="0.812"/>
  <testcase classname="com.api_tests.GetRequest" name="getRequestWithBearerToken" time="0.799"/>
  <testcase classname="com.api_tests.GetRequest" name="validateResponseTime" time="0.837"/>
  <testcase classname="com.api_tests.GetRequest" name="nestedJsonValidation" time="0.837"/>
</testsuite> <!-- com.api_tests.GetRequest -->
