<?xml version="1.0" encoding="UTF-8"?>
<!-- Generated by org.testng.reporters.JUnitReportReporter -->
<testsuite hostname="Pawanuuuu" failures="0" tests="4" name="com.api.tests.HTTPRequests" time="6.487" errors="0" timestamp="2025-10-30T19:40:02 IST" skipped="0">
  <testcase classname="com.api.tests.HTTPRequests" name="createUser" time="2.893"/>
  <testcase classname="com.api.tests.HTTPRequests" name="updateUser" time="1.173"/>
  <testcase classname="com.api.tests.HTTPRequests" name="getUser" time="1.198"/>
  <testcase classname="com.api.tests.HTTPRequests" name="deleteUser" time="1.223"/>
</testsuite> <!-- com.api.tests.HTTPRequests -->
