<?xml version="1.0" encoding="UTF-8"?>
<!-- Generated by org.testng.reporters.JUnitReportReporter -->
<testsuite hostname="Pawanuuuu" failures="0" tests="4" name="com.api.tests.PostRequestBody" time="7.247" errors="0" timestamp="2025-10-30T19:43:12 IST" skipped="0">
  <testcase classname="com.api.tests.PostRequestBody" name="usingJSONObject" time="0.645"/>
  <testcase classname="com.api.tests.PostRequestBody" name="usingPOJO" time="1.167"/>
  <testcase classname="com.api.tests.PostRequestBody" name="usingHashMap" time="1.512"/>
  <testcase classname="com.api.tests.PostRequestBody" name="testDelete" time="3.923"/>
</testsuite> <!-- com.api.tests.PostRequestBody -->
